0 verbose cli C:\Program Files\nodejs\node.exe C:\Users\Mithat Kara\AppData\Roaming\npm\node_modules\npm\bin\npm-cli.js
1 info using npm@8.12.1
2 info using node@v16.13.1
3 timing npm:load:whichnode Completed in 0ms
4 timing config:load:defaults Completed in 1ms
5 timing config:load:file:C:\Users\Mithat Kara\AppData\Roaming\npm\node_modules\npm\npmrc Completed in 5ms
6 timing config:load:builtin Completed in 6ms
7 timing config:load:cli Completed in 1ms
8 timing config:load:env Completed in 0ms
9 timing config:load:file:C:\Users\Mithat Kara\OneDrive\Masaüstü\portfolio project\my-portfolio-website\.npmrc Completed in 0ms
10 timing config:load:project Completed in 3ms
11 timing config:load:file:C:\Users\Mithat Kara\.npmrc Completed in 2ms
12 timing config:load:user Completed in 2ms
13 timing config:load:file:C:\Users\Mithat Kara\AppData\Roaming\npm\etc\npmrc Completed in 1ms
14 timing config:load:global Completed in 1ms
15 timing config:load:validate Completed in 0ms
16 timing config:load:credentials Completed in 1ms
17 timing config:load:setEnvs Completed in 1ms
18 timing config:load Completed in 16ms
19 timing npm:load:configload Completed in 16ms
20 timing npm:load:mkdirpcache Completed in 1ms
21 timing npm:load:mkdirplogs Completed in 0ms
22 verbose title npm i emailjs-com--save
23 verbose argv "i" "emailjs-com--save"
24 timing npm:load:setTitle Completed in 1ms
25 timing config:load:flatten Completed in 2ms
26 timing npm:load:display Completed in 3ms
27 verbose logfile logs-max:10 dir:C:\Users\Mithat Kara\OneDrive\Masaüstü\portfolio project\my-portfolio-website\_logs
28 verbose logfile C:\Users\Mithat Kara\OneDrive\Masaüstü\portfolio project\my-portfolio-website\_logs\2022-06-06T19_10_32_745Z-debug-0.log
29 timing npm:load:logFile Completed in 5ms
30 timing npm:load:timers Completed in 0ms
31 timing npm:load:configScope Completed in 0ms
32 timing npm:load Completed in 27ms
33 timing arborist:ctor Completed in 1ms
34 silly logfile done cleaning log files
35 timing idealTree:init Completed in 564ms
36 timing idealTree:userRequests Completed in 4ms
37 silly idealTree buildDeps
38 silly fetch manifest emailjs-com--save@*
39 timing arborist:ctor Completed in 0ms
40 http fetch GET 404 https://registry.npmjs.org/emailjs-com--save 976ms (cache skip)
41 http fetch GET 404 https://registry.npmjs.org/emailjs-com--save 751ms (cache skip)
42 silly placeDep ROOT emailjs-com--save@ OK for: my-portfolio-website@0.1.0 want: *
43 timing idealTree:#root Completed in 1735ms
44 timing idealTree:node_modules/emailjs-com--save Completed in 0ms
45 timing idealTree:buildDeps Completed in 1736ms
46 timing idealTree:fixDepFlags Completed in 8ms
47 timing idealTree Completed in 2313ms
48 timing command:i Completed in 2323ms
49 verbose stack HttpErrorGeneral: 404 Not Found - GET https://registry.npmjs.org/emailjs-com--save - Not found
49 verbose stack     at C:\Users\Mithat Kara\AppData\Roaming\npm\node_modules\npm\node_modules\npm-registry-fetch\lib\check-response.js:93:15
49 verbose stack     at processTicksAndRejections (node:internal/process/task_queues:96:5)
49 verbose stack     at async RegistryFetcher.packument (C:\Users\Mithat Kara\AppData\Roaming\npm\node_modules\npm\node_modules\pacote\lib\registry.js:92:19)
49 verbose stack     at async RegistryFetcher.manifest (C:\Users\Mithat Kara\AppData\Roaming\npm\node_modules\npm\node_modules\pacote\lib\registry.js:124:23)
49 verbose stack     at async Arborist.[nodeFromEdge] (C:\Users\Mithat Kara\AppData\Roaming\npm\node_modules\npm\node_modules\@npmcli\arborist\lib\arborist\build-ideal-tree.js:1108:19)
49 verbose stack     at async Arborist.[buildDepStep] (C:\Users\Mithat Kara\AppData\Roaming\npm\node_modules\npm\node_modules\@npmcli\arborist\lib\arborist\build-ideal-tree.js:976:11)
49 verbose stack     at async Arborist.buildIdealTree (C:\Users\Mithat Kara\AppData\Roaming\npm\node_modules\npm\node_modules\@npmcli\arborist\lib\arborist\build-ideal-tree.js:218:7)
49 verbose stack     at async Promise.all (index 1)
49 verbose stack     at async Arborist.reify (C:\Users\Mithat Kara\AppData\Roaming\npm\node_modules\npm\node_modules\@npmcli\arborist\lib\arborist\reify.js:153:5)
49 verbose stack     at async Install.exec (C:\Users\Mithat Kara\AppData\Roaming\npm\node_modules\npm\lib\commands\install.js:156:5)
50 verbose statusCode 404
51 verbose pkgid emailjs-com--save@*
52 verbose cwd C:\Users\Mithat Kara\OneDrive\Masaüstü\portfolio project\my-portfolio-website
53 verbose Windows_NT 10.0.19044
54 verbose node v16.13.1
55 verbose npm  v8.12.1
56 error code E404
57 error 404 Not Found - GET https://registry.npmjs.org/emailjs-com--save - Not found
58 error 404
59 error 404  'emailjs-com--save@*' is not in this registry.
60 error 404
60 error 404 Note that you can also install from a
61 error 404 tarball, folder, http url, or git url.
62 verbose exit 1
63 timing npm Completed in 3066ms
64 verbose unfinished npm timer reify 1654542633479
65 verbose unfinished npm timer reify:loadTrees 1654542633486
66 verbose code 1
67 error A complete log of this run can be found in:
67 error     C:\Users\Mithat Kara\OneDrive\Masaüstü\portfolio project\my-portfolio-website\_logs\2022-06-06T19_10_32_745Z-debug-0.log
